[0mGET / [32m200[0m 126.232 ms - 3482[0m
[0mGET /css/chatbox.css [33m404[0m 13.913 ms - 154[0m
[0mGET /favicon.ico [33m404[0m 3.771 ms - 150[0m
[0mGET /users/sign-in [32m200[0m 7.408 ms - 2144[0m
[0mGET /users/auth/google [36m302[0m 4.442 ms - 0[0m
[0mGET /users/auth/google/callback?code=4%2F0AdQt8qgwn-kmsIUP4_yWj0qcyosTGVqaEG5WmbVsj9LF8fX6qTU-gZ6fFV59vXuSrCTcng&scope=email+profile+https%3A%2F%2Fwww.googleapis.com%2Fauth%2Fuserinfo.profile+https%3A%2F%2Fwww.googleapis.com%2Fauth%2Fuserinfo.email+openid&authuser=0&prompt=consent [36m302[0m 668.483 ms - 46[0m
[0mGET / [32m200[0m 60.863 ms - 13894[0m
[0mGET /css/chatbox.css [33m404[0m 20.296 ms - 154[0m
[0mGET /css/chatbox.css [33m404[0m 12.068 ms - 154[0m
[0mGET /favicon.ico [33m404[0m 8.555 ms - 150[0m
[0mPOST /posts/create [36m302[0m 37.031 ms - 88[0m
[0mGET / [32m200[0m 41.872 ms - 15702[0m
[0mGET /css/chatbox.css [33m404[0m 19.243 ms - 154[0m
[0mPOST /comments/create [36m302[0m 21.535 ms - 46[0m
[0mGET / [32m200[0m 56.059 ms - 16267[0m
[0mGET /css/chatbox.css [33m404[0m 18.805 ms - 154[0m
[0mGET /css/chatbox.css [33m404[0m 16.022 ms - 154[0m
[0mGET / [32m200[0m 64.918 ms - 16010[0m
[0mGET /css/chatbox.css [33m404[0m 20.462 ms - 154[0m
[0mGET /css/chatbox.css [33m404[0m 11.215 ms - 154[0m
[0mGET / [32m200[0m 62.319 ms - 16034[0m
[0mGET /public//css/chat_box.css [33m404[0m 22.182 ms - 163[0m
[0mGET /css/chatbox.css [33m404[0m 21.583 ms - 154[0m
[0mGET / [36m304[0m 28.329 ms - -[0m
[0mGET /public//css/chat_box.css [33m404[0m 18.396 ms - 163[0m
[0mGET /css/chatbox.css [33m404[0m 15.678 ms - 154[0m
[0mGET / [36m304[0m 25.170 ms - -[0m
[0mGET /public//css/chat_box.css [33m404[0m 20.718 ms - 163[0m
[0mGET /css/chatbox.css [33m404[0m 14.183 ms - 154[0m
[0mGET / [36m304[0m 26.621 ms - -[0m
[0mGET /public//css/chat_box.css [33m404[0m 20.350 ms - 163[0m
[0mGET /css/chatbox.css [33m404[0m 23.596 ms - 154[0m
[0mGET / [36m304[0m 20.844 ms - -[0m
[0mGET /public//css/chat_box.css [33m404[0m 26.645 ms - 163[0m
[0mGET /css/chatbox.css [33m404[0m 15.178 ms - 154[0m
[0mGET /public//css/chat_box.css [33m404[0m 11.029 ms - 163[0m
[0mGET /css/chatbox.css [33m404[0m 8.640 ms - 154[0m
[0mGET / [36m304[0m 36.698 ms - -[0m
[0mGET /public//css/chat_box.css [33m404[0m 16.638 ms - 163[0m
[0mGET /css/chatbox.css [33m404[0m 25.786 ms - 154[0m
[0mGET /public//css/chat_box.css [33m404[0m 11.424 ms - 163[0m
[0mGET / [32m200[0m 59.561 ms - 16010[0m
[0mGET /css/chatbox.css [33m404[0m 12.285 ms - 154[0m
[0mGET /css/chatbox.css [33m404[0m 21.395 ms - 154[0m
[0mGET / [36m304[0m 46.719 ms - -[0m
[0mGET /css/chatbox.css [33m404[0m 15.551 ms - 154[0m
[0mGET /css/chatbox.css [33m404[0m 8.296 ms - 154[0m
[0mGET / [32m200[0m 155.776 ms - 3495[0m
[0mGET /css/chatbox.css [33m404[0m 20.863 ms - 154[0m
[0mGET /css/chatbox.css [33m404[0m 5.662 ms - 154[0m
[0mGET /favicon.ico [33m404[0m 3.680 ms - 150[0m
[0mGET /users/sign-in [32m200[0m 14.686 ms - 2141[0m
[0mGET /users/css/layout.css [33m404[0m 7.967 ms - 159[0m
[0mGET /users/css/header.css [33m404[0m 7.533 ms - 159[0m
[0mGET /users/css/footer.css [33m404[0m 8.947 ms - 159[0m
[0mGET /users/auth/google [36m302[0m 7.681 ms - 0[0m
[0mGET /users/auth/google/callback?code=4%2F0AdQt8qgTEe0AaLFzoi5-MLrTW9qa0I3esF9-CppzThnRnVEuM_BTAhqjQ3PnHXfUpk_cWw&scope=email+profile+https%3A%2F%2Fwww.googleapis.com%2Fauth%2Fuserinfo.profile+https%3A%2F%2Fwww.googleapis.com%2Fauth%2Fuserinfo.email+openid&authuser=0&prompt=consent [36m302[0m 620.730 ms - 46[0m
[0mGET / [32m200[0m 68.866 ms - 16284[0m
[0mGET /css/chatbox.css [33m404[0m 20.197 ms - 154[0m
[0mGET /css/chatbox.css [33m404[0m 10.153 ms - 154[0m
[0mGET / [32m200[0m 38.288 ms - 16001[0m
[0mGET /css/chatbox.css [33m404[0m 19.498 ms - 154[0m
[0mGET /users/sign-out [36m302[0m 13.502 ms - 46[0m
[0mGET / [32m200[0m 16.793 ms - 3473[0m
[0mGET /css/chatbox.css [33m404[0m 5.298 ms - 154[0m
[0mGET /users/sign-in [36m304[0m 7.633 ms - -[0m
[0mGET /users/css/layout.css [33m404[0m 5.135 ms - 159[0m
[0mGET /users/css/header.css [33m404[0m 6.689 ms - 159[0m
[0mGET /users/css/footer.css [33m404[0m 6.370 ms - 159[0m
[0mGET /users/sign-in [36m304[0m 7.884 ms - -[0m
[0mGET /users/css/layout.css [33m404[0m 5.695 ms - 159[0m
[0mGET /users/css/header.css [33m404[0m 5.202 ms - 159[0m
[0mGET /users/css/footer.css [33m404[0m 5.814 ms - 159[0m
[0mGET /users/sign-in [36m304[0m 13.101 ms - -[0m
[0mGET /users/css/layout.css [33m404[0m 7.842 ms - 159[0m
[0mGET /users/css/header.css [33m404[0m 9.089 ms - 159[0m
[0mGET /users/css/footer.css [33m404[0m 7.648 ms - 159[0m
[0mGET /users/sign-in [36m304[0m 6.979 ms - -[0m
[0mGET /users/css/layout.css [33m404[0m 6.037 ms - 159[0m
[0mGET /users/css/header.css [33m404[0m 4.243 ms - 159[0m
[0mGET /users/css/footer.css [33m404[0m 5.381 ms - 159[0m
[0mGET /users/sign-in [36m304[0m 7.992 ms - -[0m
[0mGET /users/css/layout.css [33m404[0m 8.378 ms - 159[0m
[0mGET /users/css/header.css [33m404[0m 4.221 ms - 159[0m
[0mGET /users/css/footer.css [33m404[0m 5.242 ms - 159[0m
[0mGET /users/auth/google [36m302[0m 5.815 ms - 0[0m
[0mGET /users/auth/google/callback?code=4%2F0AdQt8qi16LURMuIeguXIGb399XzIgzdOg9g1NwfRwNKhwauKuZ_KaQrN0R0A4KS7V2VSKA&scope=email+profile+https%3A%2F%2Fwww.googleapis.com%2Fauth%2Fuserinfo.profile+https%3A%2F%2Fwww.googleapis.com%2Fauth%2Fuserinfo.email+openid&authuser=0&prompt=consent [36m302[0m 581.293 ms - 46[0m
[0mGET / [32m200[0m 42.068 ms - 16251[0m
[0mGET /css/chatbox.css [33m404[0m 7.773 ms - 154[0m
[0mGET /css/chatbox.css [33m404[0m 8.999 ms - 154[0m
[0mPOST /likes/toggle/?id=62ef836478fdc293c2a1c471&type=Post [32m200[0m 46.348 ms - 57[0m
[0mPOST /likes/toggle/?id=62f53bb58b9739c28b5bda26&type=Comment [32m200[0m 26.550 ms - 58[0m
[0mGET /users/sign-out [36m302[0m 9.707 ms - 46[0m
[0mGET / [32m200[0m 17.440 ms - 3472[0m
[0mGET /css/chatbox.css [33m404[0m 5.282 ms - 154[0m
[0mGET /css/chatbox.css [33m404[0m 1.969 ms - 154[0m
[0mGET /users/sign-in [36m304[0m 10.741 ms - -[0m
[0mGET /users/css/layout.css [33m404[0m 3.945 ms - 159[0m
[0mGET /users/css/header.css [33m404[0m 5.146 ms - 159[0m
[0mGET /users/css/footer.css [33m404[0m 5.396 ms - 159[0m
[0mGET /users/css/header.css [33m404[0m 8.978 ms - 159[0m
[0mGET /users/css/footer.css [33m404[0m 4.423 ms - 159[0m
[0mGET /users/css/layout.css [33m404[0m 5.279 ms - 159[0m
[0mGET /users/sign-in [36m304[0m 6.567 ms - -[0m
[0mGET /users/css/layout.css [33m404[0m 4.877 ms - 159[0m
[0mGET /users/css/header.css [33m404[0m 5.030 ms - 159[0m
[0mGET /users/css/footer.css [33m404[0m 5.892 ms - 159[0m
[0mGET /users/css/layout.css [33m404[0m 8.715 ms - 159[0m
[0mGET /users/css/header.css [33m404[0m 7.987 ms - 159[0m
[0mGET /users/css/footer.css [33m404[0m 7.939 ms - 159[0m
[0mGET /users/sign-in [32m200[0m 18.151 ms - 2142[0m
[0mGET /users/css/header.css [33m404[0m 16.602 ms - 159[0m
[0mGET /users/css/footer.css [33m404[0m 10.824 ms - 159[0m
[0mGET /users/css/header.css [33m404[0m 2.892 ms - 159[0m
[0mGET /users/css/footer.css [33m404[0m 6.428 ms - 159[0m
[0mGET /users/sign-in [32m200[0m 9.896 ms - 2144[0m
[0mGET /users/sign-in [36m304[0m 8.287 ms - -[0m
[0mGET /users/sign-in [36m304[0m 11.096 ms - -[0m
[0mGET /users/auth/google [36m302[0m 7.626 ms - 0[0m
[0mGET /users/auth/google/callback?code=4%2F0AdQt8qjci2tMEaH4UYFu9GcGskKQCFcrPU1Yd7skiyb0KPzj3ZE7VAMmq4D5aMfU-fGIyQ&scope=email+profile+https%3A%2F%2Fwww.googleapis.com%2Fauth%2Fuserinfo.profile+https%3A%2F%2Fwww.googleapis.com%2Fauth%2Fuserinfo.email+openid&authuser=0&prompt=consent [36m302[0m 526.774 ms - 46[0m
[0mGET / [32m200[0m 69.595 ms - 16254[0m
[0mGET /css/chatbox.css [33m404[0m 21.269 ms - 154[0m
[0mGET /css/chatbox.css [33m404[0m 9.894 ms - 154[0m
[0mGET /users/profile/62ef7e0d72620129e6f74445 [32m200[0m 20.701 ms - 2459[0m
[0mGET /users/profile/css/user_profile.css [33m404[0m 10.044 ms - 173[0m
[0mGET / [32m200[0m 60.854 ms - 15993[0m
[0mGET /css/chatbox.css [33m404[0m 15.300 ms - 154[0m
[0mGET /users/profile/62f237adff7733840c44d09a [32m200[0m 18.494 ms - 1979[0m
[0mGET /users/profile/css/user_profile.css [33m404[0m 10.812 ms - 173[0m
[0mGET /users/profile/62ef7e0d72620129e6f74445 [36m304[0m 16.539 ms - -[0m
[0mGET /users/profile/css/user_profile.css [33m404[0m 8.997 ms - 173[0m
[0mGET /users/sign-out [36m302[0m 9.519 ms - 46[0m
[0mGET / [32m200[0m 26.828 ms - 3475[0m
[0mGET /css/chatbox.css [33m404[0m 7.181 ms - 154[0m
[0mGET /users/sign-in [36m304[0m 8.493 ms - -[0m
[0mPOST /users/create-session [36m302[0m 9.117 ms - 72[0m
[0mGET /users/sign-in [32m200[0m 8.434 ms - 2406[0m
[0mGET /users/auth/google [36m302[0m 6.435 ms - 0[0m
[0mGET /users/auth/google/callback?code=4%2F0AdQt8qj2JvC83lQSuw2bcjse16aEJJJgsb1MCT-1SJ-S2oKRQG590STlcQ2Pp5lzmXbXxA&scope=email+profile+https%3A%2F%2Fwww.googleapis.com%2Fauth%2Fuserinfo.profile+https%3A%2F%2Fwww.googleapis.com%2Fauth%2Fuserinfo.email+openid&authuser=4&prompt=consent [36m302[0m 510.475 ms - 46[0m
[0mGET / [32m200[0m 37.241 ms - 15442[0m
[0mGET /css/chatbox.css [33m404[0m 8.378 ms - 154[0m
[0mGET /css/chatbox.css [33m404[0m 6.175 ms - 154[0m
[0mGET /users/profile/62f8e1e549687ffa74bea72f [32m200[0m 14.140 ms - 2382[0m
[0mGET /users/profile/css/user_profile.css [33m404[0m 9.332 ms - 173[0m
[0mPOST /users/update/62f8e1e549687ffa74bea72f [36m302[0m 29.128 ms - 164[0m
[0mGET /users/profile/62f8e1e549687ffa74bea72f [32m200[0m 12.398 ms - 2435[0m
[0mGET /users/profile/css/user_profile.css [33m404[0m 12.194 ms - 173[0m
[0mGET /users/profile/62f8e1e549687ffa74bea72f [36m304[0m 13.395 ms - -[0m
[0mGET /users/profile/css/user_profile.css [33m404[0m 8.816 ms - 173[0m
